<?xml version="1.0" encoding="UTF-8"?>
<!-- Generated by org.testng.reporters.JUnitReportReporter -->
<testsuite skipped="0" hostname="NAVA" name="test.addCategoryTest" tests="3" failures="0" timestamp="13 Oct 2022 03:57:31 GMT" time="24.545" errors="0">
  <testcase name="validateUserAbleToAddCategory" time="13.238" classname="test.addCategoryTest"/>
  <testcase name="validateUserNotAbleToAddDuplicateCategory" time="5.348" classname="test.addCategoryTest"/>
  <testcase name="validateMonthDropDown" time="5.959" classname="test.addCategoryTest"/>
</testsuite> <!-- test.addCategoryTest -->
