<?xml version="1.0" encoding="UTF-8"?>
<!-- Generated by org.testng.reporters.JUnitReportReporter -->
<testsuite skipped="0" hostname="NAVA" name="test.addCategoryTest" tests="3" failures="0" timestamp="09 Dec 2022 01:03:11 GMT" time="26.168" errors="0">
  <testcase name="validateUserAbleToAddCategory" time="10.576" classname="test.addCategoryTest"/>
  <testcase name="validateUserNotAbleToAddDuplicateCategory" time="5.214" classname="test.addCategoryTest"/>
  <testcase name="validateMonthDropDown" time="10.378" classname="test.addCategoryTest"/>
</testsuite> <!-- test.addCategoryTest -->
